Crafting application...
Loading composer repositories with package information
Installing dependencies (including require-dev) from lock file
Your requirements could not be resolved to an installable set of packages.

  Problem 1
    - Installation request for laravel/framework v5.4.30 -> satisfiable by laravel/framework[v5.4.30].
    - laravel/framework v5.4.30 requires ext-mbstring * -> the requested PHP extension mbstring is missing from your system.
  Problem 2
    - Installation request for phpunit/phpunit 5.7.21 -> satisfiable by phpunit/phpunit[5.7.21].
    - phpunit/phpunit 5.7.21 requires ext-mbstring * -> the requested PHP extension mbstring is missing from your system.
  Problem 3
    - laravel/framework v5.4.30 requires ext-mbstring * -> the requested PHP extension mbstring is missing from your system.
    - laravel/tinker v1.0.2 requires illuminate/console ~5.1 -> satisfiable by laravel/framework[v5.4.30].
    - Installation request for laravel/tinker v1.0.2 -> satisfiable by laravel/tinker[v1.0.2].

  To enable extensions, verify that they are enabled in your .ini files:
    - /etc/opt/remi/php71/php.ini
    - /etc/opt/remi/php71/php.d/20-bz2.ini
    - /etc/opt/remi/php71/php.d/20-calendar.ini
    - /etc/opt/remi/php71/php.d/20-ctype.ini
    - /etc/opt/remi/php71/php.d/20-curl.ini
    - /etc/opt/remi/php71/php.d/20-dom.ini
    - /etc/opt/remi/php71/php.d/20-exif.ini
    - /etc/opt/remi/php71/php.d/20-fileinfo.ini
    - /etc/opt/remi/php71/php.d/20-ftp.ini
    - /etc/opt/remi/php71/php.d/20-gettext.ini
    - /etc/opt/remi/php71/php.d/20-iconv.ini
    - /etc/opt/remi/php71/php.d/20-json.ini
    - /etc/opt/remi/php71/php.d/20-phar.ini
    - /etc/opt/remi/php71/php.d/20-posix.ini
    - /etc/opt/remi/php71/php.d/20-shmop.ini
    - /etc/opt/remi/php71/php.d/20-simplexml.ini
    - /etc/opt/remi/php71/php.d/20-sockets.ini
    - /etc/opt/remi/php71/php.d/20-sysvmsg.ini
    - /etc/opt/remi/php71/php.d/20-sysvsem.ini
    - /etc/opt/remi/php71/php.d/20-sysvshm.ini
    - /etc/opt/remi/php71/php.d/20-tokenizer.ini
    - /etc/opt/remi/php71/php.d/20-xml.ini
    - /etc/opt/remi/php71/php.d/20-xmlwriter.ini
    - /etc/opt/remi/php71/php.d/20-xsl.ini
    - /etc/opt/remi/php71/php.d/30-wddx.ini
    - /etc/opt/remi/php71/php.d/30-xmlreader.ini
    - /etc/opt/remi/php71/php.d/40-zip.ini
  You can also run `php --ini` inside terminal to see which files are used by PHP in CLI mode.
Application ready! Build something amazing.
